# JRE version: OpenJDK Runtime Environment Temurin-17.0.5+8 (17.0.5+8) (build 17.0.5+8)
# Java VM: OpenJDK 64-Bit Server VM Temurin-17.0.5+8 (17.0.5+8, mixed mode, sharing, tiered, compressed oops, compressed class ptrs, g1 gc, windows-amd64)
GC Precious Log:
 CPUs: 8 total, 8 available
 Memory: 16223M
 Large Page Support: Disabled
 NUMA Support: Disabled
 Compressed Oops: Enabled (32-bit)
 Heap Region Size: 1M
 Heap Min Capacity: 8M
 Heap Initial Capacity: 254M
 Heap Max Capacity: 2G
 Pre-touch: Disabled
 Parallel Workers: 8
 Concurrent Workers: 2
 Concurrent Refinement Workers: 8
 Periodic GC: Disabled
Heap:
 garbage-first heap   total 382976K, used 143566K [0x0000000080000000, 0x0000000100000000)
  region size 1024K, 18 young (18432K), 18 survivors (18432K)
 Metaspace       used 93213K, committed 94528K, reserved 1138688K
  class space    used 12118K, committed 12800K, reserved 1048576K
GC Heap History (20 events):
Event: 1087.185 GC heap after
{Heap after GC invocations=87 (full 9):
 garbage-first heap   total 422912K, used 273942K [0x0000000080000000, 0x0000000100000000)
  region size 1024K, 7 young (7168K), 7 survivors (7168K)
 Metaspace       used 94329K, committed 95424K, reserved 1138688K
  class space    used 12262K, committed 12800K, reserved 1048576K
}
Event: 1087.486 GC heap before
{Heap before GC invocations=87 (full 9):
 garbage-first heap   total 422912K, used 307734K [0x0000000080000000, 0x0000000100000000)
  region size 1024K, 35 young (35840K), 7 survivors (7168K)
 Metaspace       used 94363K, committed 95488K, reserved 1138688K
  class space    used 12264K, committed 12800K, reserved 1048576K
}
Event: 1087.494 GC heap after
{Heap after GC invocations=88 (full 9):
 garbage-first heap   total 422912K, used 276659K [0x0000000080000000, 0x0000000100000000)
  region size 1024K, 9 young (9216K), 9 survivors (9216K)
 Metaspace       used 94363K, committed 95488K, reserved 1138688K
  class space    used 12264K, committed 12800K, reserved 1048576K
}
Event: 1087.843 GC heap before
{Heap before GC invocations=88 (full 9):
 garbage-first heap   total 422912K, used 361651K [0x0000000080000000, 0x0000000100000000)
  region size 1024K, 84 young (86016K), 9 survivors (9216K)
 Metaspace       used 94589K, committed 95680K, reserved 1138688K
  class space    used 12281K, committed 12800K, reserved 1048576K
}
Event: 1087.858 GC heap after
{Heap after GC invocations=89 (full 9):
 garbage-first heap   total 422912K, used 307866K [0x0000000080000000, 0x0000000100000000)
  region size 1024K, 11 young (11264K), 11 survivors (11264K)
 Metaspace       used 94589K, committed 95680K, reserved 1138688K
  class space    used 12281K, committed 12800K, reserved 1048576K
}
Event: 1088.207 GC heap before
{Heap before GC invocations=89 (full 9):
 garbage-first heap   total 422912K, used 351898K [0x0000000080000000, 0x0000000100000000)
  region size 1024K, 54 young (55296K), 11 survivors (11264K)
 Metaspace       used 94599K, committed 95744K, reserved 1138688K
  class space    used 12281K, committed 12800K, reserved 1048576K
}
Event: 1088.221 GC heap after
{Heap after GC invocations=90 (full 9):
 garbage-first heap   total 422912K, used 319184K [0x0000000080000000, 0x0000000100000000)
  region size 1024K, 7 young (7168K), 7 survivors (7168K)
 Metaspace       used 94599K, committed 95744K, reserved 1138688K
  class space    used 12281K, committed 12800K, reserved 1048576K
}
Event: 1088.558 GC heap before
{Heap before GC invocations=91 (full 9):
 garbage-first heap   total 422912K, used 255696K [0x0000000080000000, 0x0000000100000000)
  region size 1024K, 41 young (41984K), 7 survivors (7168K)
 Metaspace       used 92360K, committed 94016K, reserved 1138688K
  class space    used 12029K, committed 12864K, reserved 1048576K
}
Event: 1088.567 GC heap after
{Heap after GC invocations=92 (full 9):
 garbage-first heap   total 422912K, used 223015K [0x0000000080000000, 0x0000000100000000)
  region size 1024K, 4 young (4096K), 4 survivors (4096K)
 Metaspace       used 92360K, committed 94016K, reserved 1138688K
  class space    used 12029K, committed 12864K, reserved 1048576K
}
Event: 1088.681 GC heap before
{Heap before GC invocations=92 (full 9):
 garbage-first heap   total 422912K, used 238375K [0x0000000080000000, 0x0000000100000000)
  region size 1024K, 20 young (20480K), 4 survivors (4096K)
 Metaspace       used 92375K, committed 94016K, reserved 1138688K
  class space    used 12029K, committed 12864K, reserved 1048576K
}
Event: 1088.688 GC heap after
{Heap after GC invocations=93 (full 9):
 garbage-first heap   total 422912K, used 181858K [0x0000000080000000, 0x0000000100000000)
  region size 1024K, 3 young (3072K), 3 survivors (3072K)
 Metaspace       used 92375K, committed 94016K, reserved 1138688K
  class space    used 12029K, committed 12864K, reserved 1048576K
}
Event: 1089.665 GC heap before
{Heap before GC invocations=93 (full 9):
 garbage-first heap   total 422912K, used 300642K [0x0000000080000000, 0x0000000100000000)
  region size 1024K, 120 young (122880K), 3 survivors (3072K)
 Metaspace       used 92402K, committed 94016K, reserved 1138688K
  class space    used 12034K, committed 12864K, reserved 1048576K
}
Event: 1089.671 GC heap after
{Heap after GC invocations=94 (full 9):
 garbage-first heap   total 422912K, used 186682K [0x0000000080000000, 0x0000000100000000)
  region size 1024K, 8 young (8192K), 8 survivors (8192K)
 Metaspace       used 92402K, committed 94016K, reserved 1138688K
  class space    used 12034K, committed 12864K, reserved 1048576K
}
Event: 1173.120 GC heap before
{Heap before GC invocations=94 (full 9):
 garbage-first heap   total 422912K, used 239930K [0x0000000080000000, 0x0000000100000000)
  region size 1024K, 62 young (63488K), 8 survivors (8192K)
 Metaspace       used 92921K, committed 94336K, reserved 1138688K
  class space    used 12109K, committed 12864K, reserved 1048576K
}
Event: 1173.239 GC heap after
{Heap after GC invocations=95 (full 10):
 garbage-first heap   total 396288K, used 115822K [0x0000000080000000, 0x0000000100000000)
  region size 1024K, 0 young (0K), 0 survivors (0K)
 Metaspace       used 92306K, committed 93824K, reserved 1138688K
  class space    used 12034K, committed 12800K, reserved 1048576K
}
Event: 1174.085 GC heap before
{Heap before GC invocations=95 (full 10):
 garbage-first heap   total 396288K, used 167022K [0x0000000080000000, 0x0000000100000000)
  region size 1024K, 51 young (52224K), 0 survivors (0K)
 Metaspace       used 92372K, committed 93824K, reserved 1138688K
  class space    used 12035K, committed 12800K, reserved 1048576K
}
Event: 1174.175 GC heap after
{Heap after GC invocations=96 (full 11):
 garbage-first heap   total 365568K, used 105825K [0x0000000080000000, 0x0000000100000000)
  region size 1024K, 0 young (0K), 0 survivors (0K)
 Metaspace       used 92372K, committed 93824K, reserved 1138688K
  class space    used 12035K, committed 12800K, reserved 1048576K
}
Event: 1174.383 GC heap before
{Heap before GC invocations=96 (full 11):
 garbage-first heap   total 365568K, used 121185K [0x0000000080000000, 0x0000000100000000)
  region size 1024K, 16 young (16384K), 0 survivors (0K)
 Metaspace       used 92482K, committed 93888K, reserved 1138688K
  class space    used 12048K, committed 12800K, reserved 1048576K
}
Event: 1174.495 GC heap after
{Heap after GC invocations=97 (full 12):
 garbage-first heap   total 365568K, used 107332K [0x0000000080000000, 0x0000000100000000)
  region size 1024K, 0 young (0K), 0 survivors (0K)
 Metaspace       used 92482K, committed 93888K, reserved 1138688K
  class space    used 12048K, committed 12800K, reserved 1048576K
}
Event: 1175.789 GC heap before
{Heap before GC invocations=97 (full 12):
 garbage-first heap   total 365568K, used 257860K [0x0000000080000000, 0x0000000100000000)
  region size 1024K, 138 young (141312K), 0 survivors (0K)
 Metaspace       used 93213K, committed 94528K, reserved 1138688K
  class space    used 12118K, committed 12800K, reserved 1048576K
}

